This is pdfTeX, Version 3.14159265-2.6-1.40.21 (TeX Live 2020/Debian) (preloaded format=pdflatex 2022.1.9)  11 MAY 2022 17:08
entering extended mode
 restricted \write18 enabled.
 %&-line parsing enabled.
**relazione.tex
(./relazione.tex
LaTeX2e <2020-10-01> patch level 4
L3 programming layer <2021-01-09> xparse <2020-03-03>
(/usr/share/texlive/texmf-dist/tex/latex/base/article.cls
Document Class: article 2020/04/10 v1.4m Standard LaTeX document class
(/usr/share/texlive/texmf-dist/tex/latex/base/size11.clo
File: size11.clo 2020/04/10 v1.4m Standard LaTeX file (size option)
)
\c@part=\count177
\c@section=\count178
\c@subsection=\count179
\c@subsubsection=\count180
\c@paragraph=\count181
\c@subparagraph=\count182
\c@figure=\count183
\c@table=\count184
\abovecaptionskip=\skip47
\belowcaptionskip=\skip48
\bibindent=\dimen138
)
(/usr/share/texlive/texmf-dist/tex/latex/graphics/graphicx.sty
Package: graphicx 2020/09/09 v1.2b Enhanced LaTeX Graphics (DPC,SPQR)

(/usr/share/texlive/texmf-dist/tex/latex/graphics/keyval.sty
Package: keyval 2014/10/28 v1.15 key=value parser (DPC)
\KV@toks@=\toks15
)
(/usr/share/texlive/texmf-dist/tex/latex/graphics/graphics.sty
Package: graphics 2020/08/30 v1.4c Standard LaTeX Graphics (DPC,SPQR)

(/usr/share/texlive/texmf-dist/tex/latex/graphics/trig.sty
Package: trig 2016/01/03 v1.10 sin cos tan (DPC)
)
(/usr/share/texlive/texmf-dist/tex/latex/graphics-cfg/graphics.cfg
File: graphics.cfg 2016/06/04 v1.11 sample graphics configuration
)
Package graphics Info: Driver file: pdftex.def on input line 105.

(/usr/share/texlive/texmf-dist/tex/latex/graphics-def/pdftex.def
File: pdftex.def 2020/10/05 v1.2a Graphics/color driver for pdftex
))
\Gin@req@height=\dimen139
\Gin@req@width=\dimen140
)
(/usr/share/texlive/texmf-dist/tex/latex/l3backend/l3backend-pdftex.def
File: l3backend-pdftex.def 2020-01-29 L3 backend support: PDF output (pdfTeX)
\l__color_backend_stack_int=\count185
\l__pdf_internal_box=\box47
)
(./relazione.aux)
\openout1 = `relazione.aux'.

LaTeX Font Info:    Checking defaults for OML/cmm/m/it on input line 8.
LaTeX Font Info:    ... okay on input line 8.
LaTeX Font Info:    Checking defaults for OMS/cmsy/m/n on input line 8.
LaTeX Font Info:    ... okay on input line 8.
LaTeX Font Info:    Checking defaults for OT1/cmr/m/n on input line 8.
LaTeX Font Info:    ... okay on input line 8.
LaTeX Font Info:    Checking defaults for T1/cmr/m/n on input line 8.
LaTeX Font Info:    ... okay on input line 8.
LaTeX Font Info:    Checking defaults for TS1/cmr/m/n on input line 8.
LaTeX Font Info:    ... okay on input line 8.
LaTeX Font Info:    Checking defaults for OMX/cmex/m/n on input line 8.
LaTeX Font Info:    ... okay on input line 8.
LaTeX Font Info:    Checking defaults for U/cmr/m/n on input line 8.
LaTeX Font Info:    ... okay on input line 8.

(/usr/share/texlive/texmf-dist/tex/context/base/mkii/supp-pdf.mkii
[Loading MPS to PDF converter (version 2006.09.02).]
\scratchcounter=\count186
\scratchdimen=\dimen141
\scratchbox=\box48
\nofMPsegments=\count187
\nofMParguments=\count188
\everyMPshowfont=\toks16
\MPscratchCnt=\count189
\MPscratchDim=\dimen142
\MPnumerator=\count190
\makeMPintoPDFobject=\count191
\everyMPtoPDFconversion=\toks17
) (/usr/share/texlive/texmf-dist/tex/latex/epstopdf-pkg/epstopdf-base.sty
Package: epstopdf-base 2020-01-24 v2.11 Base part for package epstopdf
Package epstopdf-base Info: Redefining graphics rule for `.eps' on input line 4
85.

(/usr/share/texlive/texmf-dist/tex/latex/latexconfig/epstopdf-sys.cfg
File: epstopdf-sys.cfg 2010/07/13 v1.3 Configuration of (r)epstopdf for TeX Liv
e
))
LaTeX Font Info:    External font `cmex10' loaded for size
(Font)              <12> on input line 10.
LaTeX Font Info:    External font `cmex10' loaded for size
(Font)              <8> on input line 10.
LaTeX Font Info:    External font `cmex10' loaded for size
(Font)              <6> on input line 10.
<../logo.jpeg, id=1, 224.84pt x 225.84375pt>
File: ../logo.jpeg Graphic file (type jpg)
<use ../logo.jpeg>
Package pdftex.def Info: ../logo.jpeg  used on input line 12.
(pdftex.def)             Requested size: 224.83945pt x 225.84319pt.

[1

{/var/lib/texmf/fonts/map/pdftex/updmap/pdftex.map} <../logo.jpeg>]
Underfull \hbox (badness 10000) in paragraph at lines 22--32

 []


Underfull \hbox (badness 10000) in paragraph at lines 22--32

 []


Underfull \hbox (badness 10000) in paragraph at lines 22--32

 []


Underfull \hbox (badness 10000) in paragraph at lines 22--32

 []


Underfull \hbox (badness 10000) in paragraph at lines 22--32

 []


Underfull \hbox (badness 10000) in paragraph at lines 22--32

 []


Underfull \hbox (badness 10000) in paragraph at lines 22--32

 []


Underfull \hbox (badness 10000) in paragraph at lines 22--32

 []


Underfull \hbox (badness 10000) in paragraph at lines 22--32

 []

[2]
LaTeX Font Info:    External font `cmex10' loaded for size
(Font)              <10.95> on input line 33.

Overfull \hbox (90.2609pt too wide) in paragraph at lines 33--80
[] 
 []

[3]
Underfull \hbox (badness 10000) in paragraph at lines 81--106

 []


Underfull \hbox (badness 10000) in paragraph at lines 81--106

 []


Underfull \hbox (badness 10000) in paragraph at lines 81--106

 []


Overfull \hbox (65.47pt too wide) in paragraph at lines 81--106
[] 
 []

[4]
Overfull \hbox (7.69418pt too wide) in paragraph at lines 108--313
[] 
 []


Underfull \hbox (badness 10000) in paragraph at lines 108--313

 []


Underfull \hbox (badness 10000) in paragraph at lines 108--313

 []


Overfull \hbox (56.02628pt too wide) in paragraph at lines 108--313
[] 
 []


Underfull \hbox (badness 10000) in paragraph at lines 108--313

 []


Underfull \hbox (badness 10000) in paragraph at lines 108--313

 []


Overfull \hbox (43.76834pt too wide) in paragraph at lines 108--313
[] 
 []


Underfull \hbox (badness 10000) in paragraph at lines 108--313

 []


Underfull \hbox (badness 10000) in paragraph at lines 108--313

 []


Overfull \hbox (47.44875pt too wide) in paragraph at lines 108--313
[] 
 []


Underfull \hbox (badness 10000) in paragraph at lines 108--313

 []


Underfull \hbox (badness 10000) in paragraph at lines 108--313

 []


Overfull \hbox (77.56133pt too wide) in paragraph at lines 108--313
[] 
 []


Underfull \hbox (badness 10000) in paragraph at lines 108--313

 []


Underfull \hbox (badness 10000) in paragraph at lines 108--313

 []


Underfull \hbox (badness 10000) in paragraph at lines 108--313

 []


Underfull \hbox (badness 10000) in paragraph at lines 108--313

 []


Overfull \hbox (89.72797pt too wide) in paragraph at lines 108--313
[] 
 []


Underfull \hbox (badness 10000) in paragraph at lines 108--313

 []


Underfull \hbox (badness 10000) in paragraph at lines 108--313

 []


Underfull \hbox (badness 10000) in paragraph at lines 108--313

 []


Overfull \hbox (48.74736pt too wide) in paragraph at lines 108--313
[] 
 []


Underfull \hbox (badness 10000) in paragraph at lines 108--313

 []


Underfull \hbox (badness 10000) in paragraph at lines 108--313

 []


Overfull \hbox (77.07465pt too wide) in paragraph at lines 108--313
[] 
 []


Underfull \hbox (badness 10000) in paragraph at lines 108--313

 []


Underfull \hbox (badness 10000) in paragraph at lines 108--313

 []


Underfull \hbox (badness 10000) in paragraph at lines 108--313

 []


Overfull \hbox (2.02728pt too wide) in paragraph at lines 108--313
[] 
 []


Underfull \hbox (badness 10000) in paragraph at lines 108--313

 []


Underfull \hbox (badness 10000) in paragraph at lines 108--313

 []


Overfull \hbox (50.7338pt too wide) in paragraph at lines 108--313
[] 
 []


Underfull \hbox (badness 10000) in paragraph at lines 108--313

 []


Underfull \hbox (badness 10000) in paragraph at lines 108--313

 []


Overfull \hbox (98.09857pt too wide) in paragraph at lines 108--313
[] 
 []


Underfull \hbox (badness 10000) in paragraph at lines 108--313

 []


Underfull \hbox (badness 10000) in paragraph at lines 108--313

 []


Underfull \hbox (badness 10000) in paragraph at lines 108--313

 []


Overfull \hbox (5.6411pt too wide) in paragraph at lines 108--313
[] 
 []


Underfull \hbox (badness 10000) in paragraph at lines 108--313

 []


Underfull \hbox (badness 10000) in paragraph at lines 108--313

 []


Overfull \hbox (51.67673pt too wide) in paragraph at lines 108--313
[] 
 []


Underfull \hbox (badness 10000) in paragraph at lines 108--313

 []


Underfull \hbox (badness 10000) in paragraph at lines 108--313

 []


Overfull \hbox (36.37714pt too wide) in paragraph at lines 108--313
[] 
 []

[5] [6] [7]
Underfull \hbox (badness 10000) in paragraph at lines 314--368

 []


Underfull \hbox (badness 10000) in paragraph at lines 314--368

 []


Underfull \hbox (badness 10000) in paragraph at lines 314--368

 []


Underfull \hbox (badness 10000) in paragraph at lines 314--368

 []


Underfull \hbox (badness 10000) in paragraph at lines 314--368

 []


Underfull \hbox (badness 10000) in paragraph at lines 314--368

 []


Underfull \hbox (badness 10000) in paragraph at lines 314--368

 []


Underfull \hbox (badness 10000) in paragraph at lines 314--368

 []


Underfull \hbox (badness 10000) in paragraph at lines 314--368

 []


Underfull \hbox (badness 10000) in paragraph at lines 314--368

 []


Underfull \hbox (badness 10000) in paragraph at lines 314--368

 []


Underfull \hbox (badness 10000) in paragraph at lines 314--368

 []

[8]
<../SchemaConcettuale/ERConcettuale.jpeg, id=35, 708.4869pt x 466.6233pt>
File: ../SchemaConcettuale/ERConcettuale.jpeg Graphic file (type jpg)
<use ../SchemaConcettuale/ERConcettuale.jpeg>
Package pdftex.def Info: ../SchemaConcettuale/ERConcettuale.jpeg  used on input
 line 369.
(pdftex.def)             Requested size: 425.09541pt x 279.97614pt.

Overfull \hbox (65.09541pt too wide) in paragraph at lines 369--370
[] 
 []

[9]
Underfull \hbox (badness 10000) in paragraph at lines 371--372

 []


Underfull \hbox (badness 10000) in paragraph at lines 371--372

 []


Underfull \hbox (badness 10000) in paragraph at lines 371--372

 []


Underfull \hbox (badness 10000) in paragraph at lines 371--372

 []


Underfull \hbox (badness 10000) in paragraph at lines 371--372

 []


Underfull \hbox (badness 10000) in paragraph at lines 371--372

 []


Underfull \hbox (badness 10000) in paragraph at lines 371--372

 []


Underfull \hbox (badness 10000) in paragraph at lines 371--372

 []


Underfull \hbox (badness 10000) in paragraph at lines 371--372

 []


Underfull \hbox (badness 10000) in paragraph at lines 371--372

 []

[10 <../SchemaConcettuale/ERConcettuale.jpeg>] [11] [12] (./relazione.aux) ) 
Here is how much of TeX's memory you used:
 1240 strings out of 481252
 19014 string characters out of 5915889
 315571 words of memory out of 5000000
 18211 multiletter control sequences out of 15000+600000
 408942 words of font info for 45 fonts, out of 8000000 for 9000
 14 hyphenation exceptions out of 8191
 68i,9n,74p,1074b,191s stack positions out of 5000i,500n,10000p,200000b,80000s
 </
home/nicola/.texlive2020/texmf-var/fonts/pk/ljfour/jknappen/ec/tcrm1095.600pk><
/usr/share/texlive/texmf-dist/fonts/type1/public/amsfonts/cm/cmbx10.pfb></usr/s
hare/texlive/texmf-dist/fonts/type1/public/amsfonts/cm/cmbx12.pfb></usr/share/t
exlive/texmf-dist/fonts/type1/public/amsfonts/cm/cmr10.pfb></usr/share/texlive/
texmf-dist/fonts/type1/public/amsfonts/cm/cmr12.pfb></usr/share/texlive/texmf-d
ist/fonts/type1/public/amsfonts/cm/cmr17.pfb></usr/share/texlive/texmf-dist/fon
ts/type1/public/amsfonts/cm/cmsy10.pfb>
Output written on relazione.pdf (12 pages, 449170 bytes).
PDF statistics:
 74 PDF objects out of 1000 (max. 8388607)
 50 compressed objects within 1 object stream
 0 named destinations out of 1000 (max. 500000)
 11 words of extra memory for PDF output out of 10000 (max. 10000000)

